SF:lib\data\datasources\search_remote_data_sources.dart
DA:19,1
DA:21,1
DA:23,1
DA:24,3
DA:26,2
DA:27,4
DA:29,1
DA:33,1
DA:35,1
DA:36,3
DA:38,2
DA:39,4
DA:41,1
LF:13
LH:13
end_of_record
SF:lib\data\repositories\search_repository_impl.dart
DA:13,1
DA:15,1
DA:18,2
DA:19,5
DA:20,1
DA:21,2
DA:22,1
DA:23,2
DA:27,1
DA:30,2
DA:31,5
DA:32,1
DA:33,2
DA:34,1
DA:35,2
LF:15
LH:15
end_of_record
SF:lib\domain\usecases\search_movies.dart
DA:9,1
DA:11,1
DA:12,2
LF:3
LH:3
end_of_record
SF:lib\domain\usecases\search_tvs.dart
DA:9,1
DA:11,1
DA:12,2
LF:3
LH:3
end_of_record
SF:lib\presentation\blocs\movie_search_event.dart
DA:4,3
DA:10,3
DA:12,1
DA:13,2
LF:4
LH:4
end_of_record
SF:lib\presentation\blocs\movie_search_state.dart
DA:4,4
DA:6,2
DA:7,2
DA:17,3
DA:19,1
DA:20,2
DA:26,2
DA:28,2
DA:29,4
LF:9
LH:9
end_of_record
SF:lib\presentation\blocs\movie_search_bloc.dart
DA:13,3
DA:14,1
DA:15,1
DA:16,1
DA:18,2
DA:19,2
DA:23,2
DA:24,2
DA:26,1
DA:27,1
DA:28,3
DA:30,1
DA:31,1
DA:32,2
DA:34,2
DA:39,1
DA:43,1
DA:44,3
LF:18
LH:18
end_of_record
SF:lib\presentation\blocs\tv_search_state.dart
DA:4,4
DA:6,2
DA:7,2
DA:17,3
DA:19,1
DA:20,2
DA:26,2
DA:28,2
DA:29,4
LF:9
LH:9
end_of_record
SF:lib\presentation\blocs\tv_search_event.dart
DA:4,3
DA:10,3
DA:12,1
DA:13,2
LF:4
LH:4
end_of_record
SF:lib\presentation\blocs\tv_search_bloc.dart
DA:13,3
DA:14,1
DA:15,1
DA:16,1
DA:18,2
DA:19,2
DA:23,2
DA:24,2
DA:26,1
DA:27,1
DA:28,3
DA:30,1
DA:31,1
DA:32,2
DA:34,2
DA:39,1
DA:43,1
DA:44,3
LF:18
LH:18
end_of_record
SF:lib\presentation\pages\search_page.dart
DA:14,1
DA:16,1
DA:18,1
DA:19,2
DA:21,1
DA:23,1
DA:25,1
DA:26,1
DA:27,3
DA:49,1
DA:50,1
DA:51,1
DA:53,1
DA:62,1
DA:64,1
DA:66,1
DA:68,1
DA:70,1
DA:71,1
DA:72,1
DA:73,3
DA:83,1
DA:85,1
DA:87,1
DA:88,1
DA:89,1
DA:95,1
DA:96,1
DA:97,1
DA:98,1
DA:100,1
DA:101,1
DA:102,1
DA:104,1
DA:107,1
DA:108,1
DA:119,1
DA:120,1
DA:121,1
DA:122,1
DA:123,1
DA:129,1
DA:130,1
DA:131,1
DA:132,2
DA:147,1
DA:149,1
DA:151,1
DA:153,1
DA:155,1
DA:156,1
DA:157,1
DA:158,3
DA:168,1
DA:170,1
DA:172,1
DA:173,1
DA:174,1
DA:178,1
DA:179,1
DA:180,1
DA:181,1
DA:183,1
DA:184,1
DA:185,1
DA:187,1
DA:190,1
DA:191,1
DA:200,1
DA:201,1
DA:202,1
DA:204,2
DA:208,1
DA:209,1
DA:210,1
DA:211,2
LF:76
LH:76
end_of_record
