SF:lib\data\datasources\search_remote_data_sources.dart
DA:20,1
DA:22,1
DA:24,1
DA:25,3
DA:27,2
DA:28,4
DA:30,1
DA:34,1
DA:36,1
DA:37,3
DA:39,2
DA:40,4
DA:42,1
LF:13
LH:13
end_of_record
SF:lib\data\repositories\search_repository_impl.dart
DA:13,1
DA:15,1
DA:18,2
DA:19,5
DA:20,1
DA:21,2
DA:22,1
DA:23,2
DA:27,1
DA:30,2
DA:31,5
DA:32,1
DA:33,2
DA:34,1
DA:35,2
LF:15
LH:15
end_of_record
SF:lib\domain\usecases\search_movies.dart
DA:9,1
DA:11,1
DA:12,2
LF:3
LH:3
end_of_record
SF:lib\domain\usecases\search_tvs.dart
DA:9,1
DA:11,1
DA:12,2
LF:3
LH:3
end_of_record
SF:lib\presentation\bloc\movie_search_event.dart
DA:4,1
DA:6,0
DA:7,0
DA:13,1
DA:15,0
DA:16,0
LF:6
LH:2
end_of_record
SF:lib\presentation\bloc\movie_search_state.dart
DA:4,4
DA:6,2
DA:7,2
DA:17,3
DA:19,1
DA:20,2
DA:26,1
DA:28,1
DA:29,2
LF:9
LH:9
end_of_record
SF:lib\presentation\bloc\movie_search_bloc.dart
DA:13,6
DA:14,2
DA:15,1
DA:16,1
DA:18,2
DA:19,0
DA:23,2
DA:24,2
DA:26,1
DA:27,1
DA:28,3
DA:30,1
DA:31,1
DA:32,0
DA:34,2
DA:39,2
DA:43,2
DA:44,6
LF:18
LH:16
end_of_record
SF:lib\presentation\bloc\tv_search_state.dart
DA:4,2
DA:6,1
DA:7,1
DA:17,2
DA:19,1
DA:20,2
DA:26,1
DA:28,1
DA:29,2
LF:9
LH:9
end_of_record
SF:lib\presentation\bloc\tv_search_event.dart
DA:4,1
DA:6,0
DA:7,0
DA:13,1
DA:15,0
DA:16,0
LF:6
LH:2
end_of_record
SF:lib\presentation\bloc\tv_search_bloc.dart
DA:13,3
DA:14,1
DA:15,1
DA:16,1
DA:18,2
DA:19,0
DA:23,2
DA:24,2
DA:26,1
DA:27,1
DA:28,3
DA:30,1
DA:31,1
DA:32,0
DA:34,2
DA:39,1
DA:43,1
DA:44,3
LF:18
LH:16
end_of_record
SF:lib\presentation\pages\search_page.dart
DA:14,1
DA:16,1
DA:18,1
DA:19,2
DA:21,1
DA:23,1
DA:25,1
DA:26,0
DA:27,0
DA:49,1
DA:50,1
DA:51,1
DA:53,0
DA:62,7
DA:64,0
DA:66,1
DA:68,1
DA:70,1
DA:72,1
DA:73,1
DA:74,0
DA:75,0
DA:85,1
DA:87,1
DA:89,1
DA:90,1
DA:91,1
DA:97,1
DA:98,0
DA:99,0
DA:100,0
DA:102,0
DA:103,0
DA:104,0
DA:106,0
DA:109,1
DA:110,1
DA:121,0
DA:122,0
DA:123,0
DA:124,0
DA:125,0
DA:170,7
DA:172,0
DA:174,0
DA:176,0
DA:178,0
DA:180,0
DA:181,0
DA:186,0
DA:187,0
DA:197,0
DA:199,0
DA:201,0
DA:202,0
DA:203,0
DA:207,0
DA:208,0
DA:209,0
DA:210,0
DA:212,0
DA:213,0
DA:214,0
DA:216,0
DA:219,0
DA:220,0
DA:228,0
DA:229,0
DA:230,0
DA:231,0
DA:235,0
DA:236,0
LF:72
LH:25
end_of_record
