SF:lib\data\datasources\tv_local_data_source.dart
DA:17,2
DA:19,2
DA:21,4
DA:22,4
DA:25,2
DA:27,4
DA:28,2
DA:29,8
DA:31,1
LF:9
LH:9
end_of_record
SF:lib\data\models\tv_table.dart
DA:12,12
DA:19,2
DA:20,1
DA:21,1
DA:22,1
DA:23,1
DA:26,4
DA:27,2
DA:28,2
DA:29,2
DA:30,2
DA:33,2
DA:34,1
DA:35,1
DA:36,1
DA:37,1
DA:40,6
DA:41,3
DA:42,3
DA:43,3
DA:44,3
DA:47,2
DA:48,1
DA:49,1
DA:50,1
DA:51,1
DA:54,3
DA:55,15
LF:28
LH:28
end_of_record
SF:lib\domain\entities\season.dart
DA:4,5
DA:22,2
DA:24,16
LF:3
LH:3
end_of_record
SF:lib\domain\entities\season_episode.dart
DA:8,5
DA:28,2
DA:29,2
DA:30,2
DA:31,2
DA:32,2
DA:33,2
DA:34,2
DA:35,2
DA:36,2
DA:37,2
DA:42,5
DA:70,2
DA:71,2
DA:72,2
DA:73,2
DA:74,2
DA:75,2
DA:76,2
DA:77,2
DA:78,2
DA:79,2
DA:80,2
DA:81,2
DA:82,2
DA:83,2
LF:26
LH:26
end_of_record
SF:lib\domain\entities\tv.dart
DA:4,11
DA:20,1
DA:41,3
DA:42,3
DA:43,3
DA:44,3
DA:45,3
DA:46,3
DA:47,3
DA:48,3
DA:49,3
DA:50,3
DA:51,3
DA:52,3
DA:53,3
DA:54,3
DA:55,3
LF:17
LH:17
end_of_record
SF:lib\domain\entities\tv_detail.dart
DA:6,5
DA:34,2
DA:35,2
DA:36,2
DA:37,2
DA:38,2
DA:39,2
DA:40,2
DA:41,2
DA:42,2
DA:43,2
DA:44,2
DA:45,2
DA:46,2
DA:47,2
LF:15
LH:15
end_of_record
SF:lib\data\datasources\db\database_helper_tv.dart
DA:8,2
DA:12,4
DA:16,2
DA:17,2
DA:23,2
DA:24,2
DA:25,2
DA:27,2
DA:28,2
DA:32,2
DA:33,2
DA:39,2
DA:42,2
DA:44,2
DA:45,4
DA:46,4
DA:47,2
DA:48,2
DA:49,2
DA:54,0
DA:55,0
DA:56,0
DA:59,0
DA:64,0
DA:65,0
DA:66,0
DA:69,0
LF:27
LH:19
end_of_record
SF:lib\data\datasources\tv_remote_data_source.dart
DA:26,1
DA:28,1
DA:31,4
DA:33,2
DA:34,4
DA:36,1
DA:40,1
DA:42,4
DA:44,2
DA:45,3
DA:47,1
DA:51,1
DA:53,1
DA:54,3
DA:56,2
DA:57,4
DA:59,1
DA:63,1
DA:66,4
DA:68,2
DA:69,4
DA:71,1
DA:75,1
DA:78,4
DA:80,2
DA:81,4
DA:83,1
DA:99,1
DA:101,1
DA:102,3
DA:104,2
DA:105,3
DA:107,1
LF:33
LH:33
end_of_record
SF:lib\data\models\season_episode_model.dart
DA:5,3
DA:25,2
DA:26,2
DA:27,4
DA:29,6
DA:30,2
DA:32,2
DA:33,8
DA:34,4
DA:35,4
DA:36,4
DA:37,4
DA:39,4
DA:42,2
DA:43,2
DA:44,1
DA:46,13
DA:47,1
DA:49,5
DA:50,2
DA:51,2
DA:52,2
DA:53,2
DA:54,2
DA:57,2
DA:58,2
DA:59,2
DA:60,2
DA:61,2
DA:63,10
DA:64,2
DA:65,2
DA:66,2
DA:67,2
DA:68,2
DA:71,2
DA:72,2
DA:73,2
DA:74,2
DA:75,2
DA:76,2
DA:77,2
DA:78,2
DA:79,2
DA:80,2
DA:85,3
DA:113,2
DA:114,2
DA:116,6
DA:118,4
DA:119,4
DA:120,4
DA:121,4
DA:123,4
DA:124,4
DA:126,4
DA:127,4
DA:128,4
DA:129,2
DA:131,4
DA:132,4
DA:135,2
DA:136,1
DA:138,13
DA:139,2
DA:140,2
DA:141,2
DA:142,2
DA:143,2
DA:144,2
DA:145,2
DA:146,2
DA:147,2
DA:148,2
DA:149,2
DA:152,2
DA:153,2
DA:154,2
DA:155,2
DA:156,2
DA:157,2
DA:158,2
DA:159,2
DA:160,2
DA:161,2
DA:162,2
DA:163,2
DA:164,2
DA:165,2
DA:168,2
DA:169,2
DA:170,2
DA:171,2
DA:172,2
DA:173,2
DA:174,2
DA:175,2
DA:176,2
DA:177,2
DA:178,2
DA:179,2
DA:180,2
DA:181,2
LF:103
LH:103
end_of_record
SF:lib\data\models\tv_detail_model.dart
DA:7,2
DA:75,1
DA:76,1
DA:77,1
DA:78,1
DA:79,1
DA:81,1
DA:82,4
DA:83,1
DA:85,4
DA:87,3
DA:89,2
DA:90,1
DA:91,4
DA:92,1
DA:93,1
DA:94,1
DA:95,1
DA:97,4
DA:98,1
DA:100,2
DA:101,1
DA:103,2
DA:104,1
DA:105,1
DA:106,1
DA:108,1
DA:109,4
DA:110,1
DA:111,1
DA:112,1
DA:114,4
DA:115,1
DA:116,1
DA:117,1
DA:119,3
DA:120,1
DA:121,1
DA:123,1
DA:124,4
DA:125,1
DA:127,2
DA:128,3
DA:129,1
DA:130,4
DA:131,1
DA:133,2
DA:134,3
DA:135,1
DA:136,1
DA:137,1
DA:138,2
DA:139,1
DA:142,1
DA:143,1
DA:144,1
DA:145,1
DA:146,5
DA:147,1
DA:148,1
DA:149,1
DA:150,1
DA:151,1
DA:152,5
DA:153,1
DA:154,1
DA:155,1
DA:159,1
DA:160,1
DA:161,1
DA:162,1
DA:163,1
DA:164,1
DA:165,1
DA:166,1
DA:167,1
DA:168,1
DA:169,1
DA:170,1
DA:171,1
DA:172,1
DA:173,1
DA:178,1
DA:192,2
DA:193,1
DA:194,1
DA:195,1
DA:196,1
DA:197,1
DA:202,1
DA:230,1
DA:231,1
DA:232,2
DA:233,1
DA:234,1
DA:235,1
DA:236,1
DA:237,1
DA:238,1
DA:239,1
DA:240,1
DA:241,1
DA:242,2
DA:243,1
DA:248,1
DA:260,2
DA:261,1
DA:262,1
DA:263,1
DA:264,1
DA:269,1
DA:277,1
DA:278,1
DA:279,1
DA:280,1
DA:285,1
DA:295,2
DA:296,1
DA:297,1
DA:298,1
LF:120
LH:120
end_of_record
SF:lib\data\models\tv_model.dart
DA:5,4
DA:35,4
DA:36,2
DA:38,6
DA:40,4
DA:41,2
DA:43,8
DA:44,2
DA:45,2
DA:46,2
DA:48,8
DA:49,2
DA:50,2
DA:51,2
DA:52,4
DA:53,2
DA:54,4
DA:55,2
DA:58,2
DA:59,1
DA:60,1
DA:62,13
DA:63,1
DA:65,4
DA:66,1
DA:67,1
DA:68,1
DA:70,4
DA:71,1
DA:72,1
DA:73,1
DA:74,1
DA:75,1
DA:76,1
DA:77,1
DA:80,2
DA:81,2
DA:82,2
DA:83,2
DA:84,2
DA:85,2
DA:86,2
DA:87,2
DA:88,2
DA:89,2
DA:90,2
DA:91,2
DA:92,2
DA:93,2
DA:94,2
DA:97,2
DA:98,2
DA:99,2
DA:100,2
DA:101,2
DA:102,2
DA:103,2
DA:104,2
DA:105,2
DA:106,2
DA:107,2
DA:108,2
DA:109,2
DA:110,2
DA:111,2
LF:65
LH:65
end_of_record
SF:lib\data\models\tv_response.dart
DA:7,2
DA:9,4
DA:10,4
DA:11,6
DA:12,6
DA:15,2
DA:16,5
DA:19,1
DA:20,2
LF:9
LH:9
end_of_record
SF:lib\data\models\season_model.dart
DA:4,2
DA:22,2
DA:24,3
DA:25,1
DA:26,1
DA:27,1
DA:28,1
DA:29,1
DA:30,1
DA:33,1
DA:34,1
DA:35,1
DA:36,1
DA:37,1
DA:38,1
DA:39,1
DA:40,1
DA:41,1
LF:18
LH:18
end_of_record
SF:lib\data\repositories\tv_repository_impl.dart
DA:18,1
DA:23,1
DA:25,2
DA:27,2
DA:28,2
DA:29,4
DA:30,5
DA:31,1
DA:32,2
DA:36,2
DA:37,5
DA:38,1
DA:39,3
DA:44,1
DA:47,2
DA:48,2
DA:49,1
DA:50,2
DA:51,1
DA:52,2
DA:56,1
DA:59,2
DA:60,3
DA:61,1
DA:62,2
DA:63,1
DA:64,2
DA:68,1
DA:71,2
DA:72,5
DA:73,1
DA:74,2
DA:75,1
DA:76,2
DA:80,1
DA:83,2
DA:84,5
DA:85,1
DA:86,2
DA:87,1
DA:88,2
DA:140,1
DA:144,2
DA:145,2
DA:146,1
DA:147,2
DA:148,1
DA:149,2
LF:48
LH:48
end_of_record
SF:lib\domain\usecases\get_on_the_air_tvs.dart
DA:9,1
DA:11,1
DA:12,2
LF:3
LH:3
end_of_record
SF:lib\domain\usecases\get_popular_tvs.dart
DA:9,1
DA:11,1
DA:12,2
LF:3
LH:3
end_of_record
SF:lib\domain\usecases\get_season_detail_tv.dart
DA:9,1
DA:11,1
DA:12,2
LF:3
LH:3
end_of_record
SF:lib\domain\usecases\get_top_rated_tvs.dart
DA:9,1
DA:11,1
DA:12,2
LF:3
LH:3
end_of_record
SF:lib\domain\usecases\get_tv_detail.dart
DA:9,1
DA:11,1
DA:12,2
LF:3
LH:3
end_of_record
SF:lib\domain\usecases\get_tv_recommendations.dart
DA:9,1
DA:11,1
DA:12,2
LF:3
LH:3
end_of_record
SF:lib\presentation\blocs\on_the_air_tvs\on_the_air_tvs_bloc.dart
DA:11,1
DA:12,2
DA:13,2
DA:16,1
DA:20,2
DA:22,2
DA:24,1
DA:25,1
DA:26,3
DA:28,1
DA:29,2
LF:11
LH:11
end_of_record
SF:lib\presentation\blocs\on_the_air_tvs\on_the_air_tvs_event.dart
DA:4,3
DA:6,2
DA:7,2
LF:3
LH:3
end_of_record
SF:lib\presentation\blocs\on_the_air_tvs\on_the_air_tvs_state.dart
DA:4,6
DA:6,3
DA:7,3
DA:15,4
DA:21,3
LF:5
LH:5
end_of_record
SF:lib\presentation\blocs\popular_tvs\popular_tvs_bloc.dart
DA:11,3
DA:12,2
DA:15,1
DA:19,2
DA:21,2
DA:23,1
DA:24,1
DA:25,3
DA:27,1
DA:28,2
LF:10
LH:10
end_of_record
SF:lib\presentation\blocs\popular_tvs\popular_tvs_state.dart
DA:4,6
DA:6,3
DA:7,3
DA:15,4
DA:21,3
LF:5
LH:5
end_of_record
SF:lib\presentation\blocs\popular_tvs\popular_tvs_event.dart
DA:4,3
DA:6,1
DA:7,1
LF:3
LH:3
end_of_record
SF:lib\presentation\blocs\top_rated_tvs\top_rated_tvs_state.dart
DA:4,6
DA:6,3
DA:7,3
DA:15,4
DA:21,3
LF:5
LH:5
end_of_record
SF:lib\presentation\blocs\top_rated_tvs\top_rated_tvs_event.dart
DA:4,3
DA:6,1
DA:7,1
LF:3
LH:3
end_of_record
SF:lib\presentation\blocs\top_rated_tvs\top_rated_tvs_bloc.dart
DA:11,1
DA:12,2
DA:13,2
DA:16,1
DA:20,2
DA:22,2
DA:24,1
DA:25,1
DA:26,3
DA:28,1
DA:29,2
LF:11
LH:11
end_of_record
SF:lib\presentation\blocs\tv_detail\tv_detail_event.dart
DA:4,3
DA:6,1
DA:7,1
DA:13,2
DA:20,2
DA:26,2
DA:32,2
LF:7
LH:7
end_of_record
SF:lib\presentation\blocs\tv_detail\tv_detail_state.dart
DA:14,2
DA:26,2
DA:38,2
DA:39,2
DA:40,2
DA:42,2
DA:43,2
DA:44,2
DA:45,2
DA:46,2
DA:47,2
DA:48,2
DA:52,2
DA:53,2
DA:54,2
DA:55,2
DA:56,2
DA:57,2
DA:58,2
DA:59,2
DA:60,2
DA:61,2
DA:66,2
DA:67,2
DA:71,2
DA:76,2
DA:81,2
DA:82,2
DA:83,4
LF:29
LH:29
end_of_record
SF:lib\presentation\blocs\tv_detail\tv_detail_bloc.dart
DA:28,1
DA:35,2
DA:36,2
DA:37,2
DA:38,2
DA:39,2
DA:42,1
DA:46,1
DA:48,2
DA:50,2
DA:55,1
DA:56,1
DA:57,1
DA:59,1
DA:65,2
DA:72,2
DA:73,1
DA:74,1
DA:76,1
DA:78,1
DA:84,3
DA:85,2
DA:86,1
DA:88,1
DA:101,1
DA:105,1
DA:106,1
DA:107,1
DA:108,1
DA:109,2
DA:110,1
DA:111,1
DA:113,2
DA:114,1
DA:115,1
DA:116,1
DA:117,1
DA:118,2
DA:120,1
DA:124,1
DA:125,1
DA:126,1
DA:127,2
DA:137,1
DA:141,1
DA:142,1
DA:143,3
DA:145,1
DA:146,1
DA:147,1
DA:149,1
DA:154,3
DA:155,1
DA:156,1
DA:157,2
DA:166,1
DA:170,1
DA:171,1
DA:172,3
DA:174,1
DA:175,1
DA:176,1
DA:178,1
DA:183,3
DA:184,1
DA:185,1
DA:186,2
DA:195,1
DA:196,2
LF:69
LH:69
end_of_record
SF:lib\presentation\pages\home_tv_page.dart
DA:17,1
DA:19,1
DA:20,1
DA:24,1
DA:26,1
DA:27,2
DA:28,4
DA:29,4
DA:30,4
DA:34,1
DA:36,1
DA:38,1
DA:40,1
DA:41,1
DA:42,1
DA:43,1
DA:53,1
DA:55,1
DA:56,1
DA:58,1
DA:59,1
DA:61,1
DA:62,1
DA:64,1
DA:65,1
DA:66,1
DA:67,2
DA:68,1
DA:72,1
DA:73,1
DA:75,2
DA:78,1
DA:80,3
DA:84,1
DA:86,1
DA:87,1
DA:89,1
DA:90,1
DA:91,1
DA:92,2
DA:93,1
DA:97,1
DA:98,1
DA:100,2
DA:103,1
DA:105,3
DA:109,1
DA:111,1
DA:112,1
DA:114,1
DA:115,1
DA:116,1
DA:117,2
DA:118,1
DA:122,1
DA:123,1
DA:125,2
DA:128,1
DA:130,3
DA:141,1
DA:142,1
DA:144,1
DA:145,1
DA:147,1
DA:149,1
DA:150,2
DA:152,1
DA:154,1
DA:168,1
DA:170,1
DA:172,1
DA:174,1
DA:176,1
DA:177,2
DA:178,1
DA:180,1
DA:181,3
DA:182,1
DA:183,1
DA:186,1
DA:189,1
DA:191,1
DA:192,2
DA:193,1
DA:196,0
DA:202,2
LF:86
LH:85
end_of_record
SF:lib\presentation\pages\on_the_air_tvs_page.dart
DA:9,1
DA:10,1
DA:14,1
DA:16,1
DA:17,2
DA:18,4
DA:21,1
DA:23,1
DA:24,1
DA:27,1
DA:29,1
DA:30,1
DA:31,1
DA:32,1
DA:33,1
DA:34,2
DA:35,1
DA:37,2
DA:39,1
DA:43,1
DA:44,1
DA:46,2
DA:49,1
DA:51,3
LF:24
LH:24
end_of_record
SF:lib\presentation\pages\popular_tv_page.dart
DA:9,1
DA:10,1
DA:14,1
DA:16,1
DA:17,1
DA:18,5
DA:21,1
DA:23,1
DA:24,1
DA:27,1
DA:29,1
DA:30,1
DA:31,1
DA:32,1
DA:33,1
DA:34,2
DA:35,1
DA:37,2
DA:39,1
DA:43,1
DA:44,1
DA:46,2
DA:49,1
DA:51,3
LF:24
LH:24
end_of_record
SF:lib\presentation\pages\top_rated_tvs_page.dart
DA:9,1
DA:10,1
DA:14,1
DA:16,1
DA:17,2
DA:18,4
DA:21,1
DA:23,1
DA:24,1
DA:27,1
DA:29,1
DA:30,1
DA:31,1
DA:32,1
DA:33,1
DA:34,2
DA:35,1
DA:37,2
DA:39,1
DA:43,1
DA:44,1
DA:46,2
DA:49,1
DA:51,3
LF:24
LH:24
end_of_record
SF:lib\presentation\pages\tv_detail_page.dart
DA:16,1
DA:18,1
DA:19,1
DA:23,1
DA:25,1
DA:26,2
DA:27,6
DA:31,1
DA:33,1
DA:34,1
DA:35,1
DA:36,1
DA:37,2
DA:38,1
DA:39,1
DA:40,1
DA:41,3
DA:42,1
DA:43,1
DA:44,1
DA:45,1
DA:47,1
DA:48,1
DA:49,1
DA:55,1
DA:56,1
DA:57,1
DA:58,1
DA:59,2
DA:60,2
DA:61,2
DA:64,1
DA:68,1
DA:69,1
DA:71,1
DA:72,1
DA:76,1
DA:78,3
DA:92,1
DA:95,1
DA:97,3
DA:98,1
DA:99,1
DA:100,1
DA:101,3
DA:103,1
DA:106,0
DA:108,1
DA:110,1
DA:111,1
DA:112,1
DA:122,1
DA:123,1
DA:124,1
DA:126,1
DA:128,1
DA:130,1
DA:131,1
DA:132,2
DA:133,1
DA:135,1
DA:136,1
DA:137,1
DA:139,1
DA:140,3
DA:143,1
DA:144,3
DA:147,1
DA:149,1
DA:150,1
DA:157,1
DA:158,3
DA:160,1
DA:161,4
DA:163,1
DA:164,1
DA:165,1
DA:166,3
DA:168,1
DA:174,4
DA:178,1
DA:180,1
DA:182,1
DA:183,2
DA:186,1
DA:188,1
DA:190,5
DA:192,1
DA:194,1
DA:196,2
DA:201,1
DA:203,1
DA:216,1
DA:218,1
DA:221,1
DA:223,1
DA:224,1
DA:233,1
DA:235,2
DA:236,3
DA:239,1
DA:243,3
DA:248,1
DA:256,1
DA:258,1
DA:260,1
DA:261,1
DA:264,2
DA:265,1
DA:266,2
DA:267,1
DA:269,1
DA:270,2
DA:271,1
DA:272,2
DA:273,3
DA:274,2
DA:276,1
DA:279,1
DA:284,1
DA:285,1
DA:286,1
DA:288,1
DA:292,1
DA:294,2
DA:295,1
DA:298,0
DA:303,3
DA:304,3
DA:316,24
DA:318,1
DA:320,1
DA:321,3
DA:322,1
DA:323,1
DA:328,1
DA:329,1
DA:330,1
DA:331,1
DA:332,1
DA:333,1
DA:334,3
DA:336,1
DA:337,2
DA:338,3
DA:343,3
DA:345,1
DA:346,2
DA:350,1
DA:352,1
DA:353,4
DA:357,0
DA:358,0
DA:361,1
DA:363,1
DA:364,1
DA:365,0
DA:366,0
DA:368,1
DA:388,1
DA:391,1
DA:393,1
DA:394,1
DA:399,1
DA:401,1
DA:402,1
DA:403,1
DA:404,1
DA:405,4
DA:406,1
DA:408,1
DA:409,1
DA:410,1
DA:411,4
DA:412,1
DA:416,3
DA:417,4
DA:418,4
DA:419,1
DA:421,1
DA:423,1
DA:424,1
DA:425,1
DA:430,0
DA:431,0
DA:432,0
DA:443,1
DA:444,1
DA:445,3
DA:447,4
DA:448,1
DA:449,1
DA:450,2
DA:451,1
DA:452,1
DA:456,1
DA:458,6
DA:459,1
DA:462,0
DA:467,1
DA:469,1
DA:470,1
DA:471,6
DA:472,1
DA:474,1
DA:475,6
DA:489,1
DA:492,1
DA:496,1
DA:498,1
DA:499,1
DA:500,1
DA:501,2
DA:502,1
DA:504,1
DA:505,2
DA:509,1
DA:511,1
DA:513,1
DA:514,2
DA:515,1
DA:517,1
DA:518,2
DA:519,1
DA:520,1
DA:523,1
DA:526,1
DA:530,1
DA:532,2
DA:533,1
DA:536,0
DA:543,2
DA:548,0
LF:233
LH:221
end_of_record
SF:lib\presentation\widgets\tv_card_list.dart
DA:10,3
DA:12,3
DA:14,3
DA:16,3
DA:17,1
DA:18,1
DA:21,2
DA:24,3
DA:26,3
DA:27,3
DA:28,3
DA:34,3
DA:36,3
DA:37,3
DA:38,6
DA:41,3
DA:44,3
DA:45,6
DA:53,3
DA:58,3
DA:59,3
DA:60,9
DA:62,3
DA:65,0
LF:24
LH:23
end_of_record
