SF:lib\data\datasources\db\database_helper_watchlist.dart
DA:9,0
DA:13,0
DA:14,0
DA:18,0
DA:19,0
DA:26,0
DA:27,0
DA:28,0
DA:30,0
DA:31,0
DA:35,0
DA:36,0
DA:41,0
DA:42,0
DA:47,0
DA:69,0
DA:70,0
DA:71,0
DA:74,0
DA:75,0
DA:76,0
DA:79,0
DA:80,0
DA:81,0
DA:84,0
DA:88,0
DA:89,0
DA:90,0
DA:93,0
DA:97,0
DA:98,0
DA:99,0
DA:102,0
DA:105,0
DA:106,0
DA:112,0
DA:113,0
DA:114,0
DA:117,0
DA:120,0
DA:121,0
DA:127,0
DA:128,0
DA:130,0
DA:135,0
DA:136,0
DA:137,0
LF:47
LH:0
end_of_record
SF:lib\data\datasources\watchlist_local_data_sources.dart
DA:23,1
DA:25,1
DA:28,2
DA:31,2
DA:35,1
DA:38,2
DA:41,2
DA:45,1
DA:47,2
DA:49,1
DA:55,1
DA:57,2
DA:58,4
DA:61,1
DA:64,2
DA:67,2
DA:71,1
DA:74,2
DA:77,2
DA:81,1
DA:83,2
DA:85,1
DA:91,1
DA:93,2
DA:94,4
LF:25
LH:25
end_of_record
SF:lib\data\repositories\watchlist_repositories_impl.dart
DA:11,1
DA:13,1
DA:16,1
DA:17,2
DA:18,1
DA:19,1
DA:20,3
DA:24,1
DA:28,1
DA:29,2
DA:30,1
DA:31,1
DA:32,3
DA:36,1
DA:38,2
DA:42,1
DA:45,2
DA:46,5
DA:47,1
DA:48,3
DA:52,1
DA:56,3
DA:57,1
DA:58,1
DA:59,3
DA:63,1
DA:67,3
DA:68,1
DA:69,1
DA:70,3
DA:74,1
DA:76,2
DA:80,1
DA:82,2
DA:83,5
LF:35
LH:35
end_of_record
SF:lib\domain\usecases\get_watchlist_movies.dart
DA:9,1
DA:11,1
DA:12,2
LF:3
LH:3
end_of_record
SF:lib\domain\usecases\get_watchlist_status_movie.dart
DA:6,1
DA:8,1
DA:9,2
LF:3
LH:3
end_of_record
SF:lib\domain\usecases\get_watchlist_status_tv.dart
DA:6,1
DA:8,1
DA:9,2
LF:3
LH:3
end_of_record
SF:lib\domain\usecases\get_watchlist_tvs.dart
DA:9,1
DA:11,1
DA:12,2
LF:3
LH:3
end_of_record
SF:lib\domain\usecases\remove_watchlist_movie.dart
DA:9,1
DA:11,1
DA:12,2
LF:3
LH:3
end_of_record
SF:lib\domain\usecases\remove_watchlist_tv.dart
DA:9,1
DA:11,1
DA:12,2
LF:3
LH:3
end_of_record
SF:lib\domain\usecases\save_watchlist_movie.dart
DA:9,1
DA:11,1
DA:12,2
LF:3
LH:3
end_of_record
SF:lib\domain\usecases\save_watchlist_tv.dart
DA:9,1
DA:11,1
DA:12,2
LF:3
LH:3
end_of_record
SF:lib\presentation\blocs\watchlist_movie\watchlist_movie_state.dart
DA:4,4
DA:6,2
DA:7,2
DA:15,3
DA:17,1
DA:18,2
DA:24,2
DA:26,2
DA:27,4
LF:9
LH:9
end_of_record
SF:lib\presentation\blocs\watchlist_movie\watchlist_movie_bloc.dart
DA:12,1
DA:13,2
DA:14,2
DA:17,1
DA:21,2
DA:22,2
DA:23,1
DA:24,1
DA:25,3
DA:27,1
DA:28,2
LF:11
LH:11
end_of_record
SF:lib\presentation\blocs\watchlist_movie\watchlist_movie_event.dart
DA:4,2
DA:6,1
DA:7,1
LF:3
LH:3
end_of_record
SF:lib\presentation\blocs\watchlist_tv\watchlist_tv_state.dart
DA:4,4
DA:6,2
DA:7,2
DA:15,3
DA:21,2
LF:5
LH:5
end_of_record
SF:lib\presentation\blocs\watchlist_tv\watchlist_tv_bloc.dart
DA:11,1
DA:12,2
DA:13,2
DA:16,1
DA:20,2
DA:21,2
DA:22,1
DA:23,1
DA:24,3
DA:26,1
DA:27,2
LF:11
LH:11
end_of_record
SF:lib\presentation\blocs\watchlist_tv\watchlist_tv_event.dart
DA:4,2
DA:6,1
DA:7,1
LF:3
LH:3
end_of_record
SF:lib\presentation\pages\watchlist_page.dart
DA:16,1
DA:18,1
DA:19,1
DA:23,1
DA:25,1
DA:26,2
DA:27,4
DA:28,4
DA:32,1
DA:34,1
DA:35,4
DA:38,0
DA:40,0
DA:41,0
DA:44,1
DA:46,2
DA:47,1
DA:50,1
DA:51,2
DA:52,1
DA:54,1
DA:61,1
DA:63,1
DA:64,3
DA:66,1
DA:67,1
DA:94,13
DA:96,1
DA:98,1
DA:99,1
DA:100,1
DA:104,1
DA:105,1
DA:106,1
DA:107,2
DA:108,1
DA:110,2
DA:112,1
DA:113,1
DA:115,2
DA:118,1
DA:120,3
DA:129,13
DA:131,1
DA:133,1
DA:134,1
DA:135,1
DA:139,1
DA:140,1
DA:141,1
DA:142,2
DA:143,1
DA:145,2
DA:147,1
DA:148,1
DA:150,2
DA:153,1
DA:155,3
LF:58
LH:55
end_of_record
